<?xml version="1.0" encoding="UTF-8"?>
<!-- Generated by org.testng.reporters.JUnitReportReporter -->
<testsuite hostname="LM0001778" failures="0" tests="1" name="Tests.SetUp" time="8.739" errors="0" timestamp="2021-07-23T16:36:45 IST" skipped="0">
  <testcase classname="Tests.SetUp" name="Testing" time="8.739"/>
  <system-out/>
</testsuite> <!-- Tests.SetUp -->
