<?xml version="1.0" encoding="UTF-8"?>
<!-- Generated by org.testng.reporters.JUnitReportReporter -->
<testsuite hostname="LM0001778" failures="0" tests="1" name="Tests.VerifyLogin" time="3.422" errors="0" timestamp="2021-07-27T18:35:51 IST" skipped="0">
  <testcase classname="Tests.VerifyLogin" name="Testing" time="3.422"/>
  <system-out/>
</testsuite> <!-- Tests.VerifyLogin -->
