<?xml version="1.0" encoding="UTF-8"?>
<!-- Generated by org.testng.reporters.JUnitReportReporter -->
<testsuite hostname="LM0001778" failures="0" tests="1" name="Tests.VerifyManageIdentity" time="0.245" errors="0" timestamp="2021-07-27T18:35:51 IST" skipped="0">
  <testcase classname="Tests.VerifyManageIdentity" name="manageIdentity" time="0.245"/>
  <system-out/>
</testsuite> <!-- Tests.VerifyManageIdentity -->
