<?xml version="1.0" encoding="UTF-8"?>
<!-- Generated by org.testng.reporters.JUnitReportReporter -->
<testsuite hostname="LM0001778" failures="0" tests="1" name="Testing.VerifyLogin" time="2.032" errors="0" timestamp="2021-07-28T13:06:11 IST" skipped="0">
  <testcase classname="Testing.VerifyLogin" name="Testing" time="2.032"/>
  <system-out/>
</testsuite> <!-- Testing.VerifyLogin -->
