<?xml version="1.0" encoding="UTF-8"?>
<!-- Generated by org.testng.reporters.JUnitReportReporter -->
<testsuite hostname="LM0001778" failures="0" tests="3" name="testpurpose.Child" time="0.008" errors="0" timestamp="2022-04-06T15:16:13 IST" skipped="0">
  <testcase classname="testpurpose.Child" name="newtestone" time="0.001"/>
  <system-out/>
  <testcase classname="testpurpose.Child" name="newtest" time="0.001"/>
  <system-out/>
  <testcase classname="testpurpose.Child" name="main" time="0.006"/>
  <system-out/>
</testsuite> <!-- testpurpose.Child -->
