<?xml version="1.0" encoding="UTF-8"?>
<!-- Generated by org.testng.reporters.JUnitReportReporter -->
<testsuite hostname="LM0001778" failures="0" tests="1" name="testpurpose.Parent" time="0.004" errors="0" timestamp="2022-04-06T15:14:49 IST" skipped="0">
  <testcase classname="testpurpose.Parent" name="newtest" time="0.004"/>
  <system-out/>
</testsuite> <!-- testpurpose.Parent -->
