<?xml version="1.0" encoding="UTF-8"?>
<!-- Generated by org.testng.reporters.JUnitReportReporter -->
<testsuite hostname="LM0001778" failures="0" tests="1" name="Java_basic_package.TestNNGTest" time="0.004" errors="0" timestamp="2021-11-28T19:29:34 IST" skipped="0">
  <testcase classname="Java_basic_package.TestNNGTest" name="test" time="0.004"/>
  <system-out/>
</testsuite> <!-- Java_basic_package.TestNNGTest -->
