<?xml version="1.0" encoding="UTF-8"?>
<!-- Generated by org.testng.reporters.JUnitReportReporter -->
<testsuite hostname="LM0001778" failures="0" tests="1" name="PackageTest.testingmaven" time="0.008" errors="0" timestamp="2021-07-28T19:15:30 IST" skipped="0">
  <testcase classname="PackageTest.testingmaven" name="testing" time="0.008"/>
  <system-out/>
</testsuite> <!-- PackageTest.testingmaven -->
